<?xml version="1.0" encoding="UTF-8"?>
<testsuite name="com.example.currencyrate.ConfigPropertiesTest" tests="17" skipped="0" failures="0" errors="0" timestamp="2021-12-28T09:41:22" hostname="WIN-57D37CKG0OU" time="1.39">
  <properties/>
  <testcase name="configPropertiesSetCurrencyNull()" classname="com.example.currencyrate.ConfigPropertiesTest" time="0.859"/>
  <testcase name="configPropertiesAllFieldsAreSet()" classname="com.example.currencyrate.ConfigPropertiesTest" time="0.024"/>
  <testcase name="configPropertiesApiKeyError()" classname="com.example.currencyrate.ConfigPropertiesTest" time="0.019"/>
  <testcase name="configPropertiesAppIdError()" classname="com.example.currencyrate.ConfigPropertiesTest" time="0.015"/>
  <testcase name="configPropertiesRequestWordDownError()" classname="com.example.currencyrate.ConfigPropertiesTest" time="0.022"/>
  <testcase name="configPropertiesLimitGifError()" classname="com.example.currencyrate.ConfigPropertiesTest" time="0.018"/>
  <testcase name="configPropertiesSetLimitGifNull()" classname="com.example.currencyrate.ConfigPropertiesTest" time="0.026"/>
  <testcase name="configPropertiesUrlRateError()" classname="com.example.currencyrate.ConfigPropertiesTest" time="0.037"/>
  <testcase name="configPropertiesSetUrlGifNull()" classname="com.example.currencyrate.ConfigPropertiesTest" time="0.073"/>
  <testcase name="configPropertiesUrlGifError()" classname="com.example.currencyrate.ConfigPropertiesTest" time="0.043"/>
  <testcase name="configPropertiesSetRequestWordUpNull()" classname="com.example.currencyrate.ConfigPropertiesTest" time="0.021"/>
  <testcase name="configPropertiesSetAppIdNull()" classname="com.example.currencyrate.ConfigPropertiesTest" time="0.027"/>
  <testcase name="configPropertiesSetUrlRateNull()" classname="com.example.currencyrate.ConfigPropertiesTest" time="0.01"/>
  <testcase name="configPropertiesSetRequestWordDownNull()" classname="com.example.currencyrate.ConfigPropertiesTest" time="0.013"/>
  <testcase name="configPropertiesRequestWordUpError()" classname="com.example.currencyrate.ConfigPropertiesTest" time="0.022"/>
  <testcase name="configPropertiesCurrencyError()" classname="com.example.currencyrate.ConfigPropertiesTest" time="0.021"/>
  <testcase name="configPropertiesSetApiKeyNull()" classname="com.example.currencyrate.ConfigPropertiesTest" time="0.021"/>
  <system-out><![CDATA[12:41:20.125 [Test worker] DEBUG org.springframework.test.context.BootstrapUtils - Instantiating CacheAwareContextLoaderDelegate from class [org.springframework.test.context.cache.DefaultCacheAwareContextLoaderDelegate]
12:41:20.140 [Test worker] DEBUG org.springframework.test.context.BootstrapUtils - Instantiating BootstrapContext using constructor [public org.springframework.test.context.support.DefaultBootstrapContext(java.lang.Class,org.springframework.test.context.CacheAwareContextLoaderDelegate)]
12:41:20.224 [Test worker] DEBUG org.springframework.test.context.BootstrapUtils - Instantiating TestContextBootstrapper for test class [com.example.currencyrate.ConfigPropertiesTest] from class [org.springframework.test.context.support.DefaultTestContextBootstrapper]
12:41:20.240 [Test worker] INFO org.springframework.test.context.support.DefaultTestContextBootstrapper - Neither @ContextConfiguration nor @ContextHierarchy found for test class [com.example.currencyrate.ConfigPropertiesTest], using DelegatingSmartContextLoader
12:41:20.247 [Test worker] DEBUG org.springframework.test.context.support.AbstractDelegatingSmartContextLoader - Delegating to GenericGroovyXmlContextLoader to process context configuration [ContextConfigurationAttributes@3cdf2c61 declaringClass = 'com.example.currencyrate.ConfigPropertiesTest', classes = '{}', locations = '{}', inheritLocations = false, initializers = '{}', inheritInitializers = true, name = [null], contextLoaderClass = 'org.springframework.test.context.ContextLoader'].
12:41:20.252 [Test worker] DEBUG org.springframework.test.context.support.AbstractContextLoader - Did not detect default resource location for test class [com.example.currencyrate.ConfigPropertiesTest]: class path resource [com/example/currencyrate/ConfigPropertiesTest-context.xml] does not exist
12:41:20.253 [Test worker] DEBUG org.springframework.test.context.support.AbstractContextLoader - Did not detect default resource location for test class [com.example.currencyrate.ConfigPropertiesTest]: class path resource [com/example/currencyrate/ConfigPropertiesTestContext.groovy] does not exist
12:41:20.254 [Test worker] INFO org.springframework.test.context.support.AbstractContextLoader - Could not detect default resource locations for test class [com.example.currencyrate.ConfigPropertiesTest]: no resource found for suffixes {-context.xml, Context.groovy}.
12:41:20.256 [Test worker] DEBUG org.springframework.test.context.support.AbstractDelegatingSmartContextLoader - Delegating to AnnotationConfigContextLoader to process context configuration [ContextConfigurationAttributes@3cdf2c61 declaringClass = 'com.example.currencyrate.ConfigPropertiesTest', classes = '{}', locations = '{}', inheritLocations = false, initializers = '{}', inheritInitializers = true, name = [null], contextLoaderClass = 'org.springframework.test.context.ContextLoader'].
12:41:20.257 [Test worker] INFO org.springframework.test.context.support.AnnotationConfigContextLoaderUtils - Could not detect default configuration classes for test class [com.example.currencyrate.ConfigPropertiesTest]: ConfigPropertiesTest does not declare any static, non-private, non-final, nested classes annotated with @Configuration.
12:41:20.414 [Test worker] DEBUG org.springframework.test.context.support.ActiveProfilesUtils - Could not find an 'annotation declaring class' for annotation type [org.springframework.test.context.ActiveProfiles] and class [com.example.currencyrate.ConfigPropertiesTest]
12:41:20.415 [Test worker] DEBUG org.springframework.test.context.support.DefaultTestContextBootstrapper - @TestExecutionListeners is not present for class [com.example.currencyrate.ConfigPropertiesTest]: using defaults.
12:41:20.416 [Test worker] INFO org.springframework.test.context.support.DefaultTestContextBootstrapper - Loaded default TestExecutionListener class names from location [META-INF/spring.factories]: [org.springframework.boot.test.autoconfigure.restdocs.RestDocsTestExecutionListener, org.springframework.boot.test.autoconfigure.web.client.MockRestServiceServerResetTestExecutionListener, org.springframework.boot.test.autoconfigure.web.servlet.MockMvcPrintOnlyOnFailureTestExecutionListener, org.springframework.boot.test.autoconfigure.web.servlet.WebDriverTestExecutionListener, org.springframework.boot.test.autoconfigure.webservices.client.MockWebServiceServerTestExecutionListener, org.springframework.boot.test.mock.mockito.MockitoTestExecutionListener, org.springframework.boot.test.mock.mockito.ResetMocksTestExecutionListener, org.springframework.test.context.web.ServletTestExecutionListener, org.springframework.test.context.support.DirtiesContextBeforeModesTestExecutionListener, org.springframework.test.context.event.ApplicationEventsTestExecutionListener, org.springframework.test.context.support.DependencyInjectionTestExecutionListener, org.springframework.test.context.support.DirtiesContextTestExecutionListener, org.springframework.test.context.transaction.TransactionalTestExecutionListener, org.springframework.test.context.jdbc.SqlScriptsTestExecutionListener, org.springframework.test.context.event.EventPublishingTestExecutionListener]
12:41:20.439 [Test worker] DEBUG org.springframework.test.context.support.DefaultTestContextBootstrapper - Skipping candidate TestExecutionListener [org.springframework.test.context.transaction.TransactionalTestExecutionListener] due to a missing dependency. Specify custom listener classes or make the default listener classes and their required dependencies available. Offending class: [org/springframework/transaction/interceptor/TransactionAttributeSource]
12:41:20.441 [Test worker] DEBUG org.springframework.test.context.support.DefaultTestContextBootstrapper - Skipping candidate TestExecutionListener [org.springframework.test.context.jdbc.SqlScriptsTestExecutionListener] due to a missing dependency. Specify custom listener classes or make the default listener classes and their required dependencies available. Offending class: [org/springframework/transaction/interceptor/TransactionAttribute]
12:41:20.441 [Test worker] INFO org.springframework.test.context.support.DefaultTestContextBootstrapper - Using TestExecutionListeners: [org.springframework.test.context.web.ServletTestExecutionListener@626c44e7, org.springframework.test.context.support.DirtiesContextBeforeModesTestExecutionListener@4dc8caa7, org.springframework.test.context.event.ApplicationEventsTestExecutionListener@1d730606, org.springframework.boot.test.mock.mockito.MockitoTestExecutionListener@3bcbb589, org.springframework.test.context.support.DependencyInjectionTestExecutionListener@3b00856b, org.springframework.test.context.support.DirtiesContextTestExecutionListener@3016fd5e, org.springframework.test.context.event.EventPublishingTestExecutionListener@35d08e6c, org.springframework.boot.test.autoconfigure.restdocs.RestDocsTestExecutionListener@53d102a2, org.springframework.boot.test.autoconfigure.web.client.MockRestServiceServerResetTestExecutionListener@6c45ee6e, org.springframework.boot.test.autoconfigure.web.servlet.MockMvcPrintOnlyOnFailureTestExecutionListener@6b3e12b5, org.springframework.boot.test.autoconfigure.web.servlet.WebDriverTestExecutionListener@5aac4250, org.springframework.boot.test.autoconfigure.webservices.client.MockWebServiceServerTestExecutionListener@1338fb5, org.springframework.boot.test.mock.mockito.ResetMocksTestExecutionListener@42463763]
12:41:20.450 [Test worker] DEBUG org.springframework.test.context.support.AbstractDirtiesContextTestExecutionListener - Before test class: context [DefaultTestContext@178213b testClass = ConfigPropertiesTest, testInstance = [null], testMethod = [null], testException = [null], mergedContextConfiguration = [MergedContextConfiguration@7103cb56 testClass = ConfigPropertiesTest, locations = '{}', classes = '{}', contextInitializerClasses = '[]', activeProfiles = '{}', propertySourceLocations = '{classpath:config-test.properties}', propertySourceProperties = '{}', contextCustomizers = set[org.springframework.boot.test.autoconfigure.actuate.metrics.MetricsExportContextCustomizerFactory$DisableMetricExportContextCustomizer@2f1de2d6, org.springframework.boot.test.autoconfigure.properties.PropertyMappingContextCustomizer@0, org.springframework.boot.test.autoconfigure.web.servlet.WebDriverContextCustomizerFactory$Customizer@38831718, [ImportsContextCustomizer@1b765a2c key = [@org.springframework.test.context.TestPropertySource(locations={}, value={"classpath:config-test.properties"}, inheritProperties=true, properties={}, inheritLocations=true), @org.springframework.context.annotation.Import({org.springframework.boot.context.properties.EnableConfigurationPropertiesRegistrar.class}), @org.springframework.boot.context.properties.EnableConfigurationProperties({com.example.currencyrate.config.ConfigProperties.class})]], org.springframework.boot.test.context.filter.ExcludeFilterContextCustomizer@28ec166e, org.springframework.boot.test.json.DuplicateJsonObjectContextCustomizerFactory$DuplicateJsonObjectContextCustomizer@5629510, org.springframework.boot.test.mock.mockito.MockitoContextCustomizer@0], contextLoader = 'org.springframework.test.context.support.DelegatingSmartContextLoader', parent = [null]], attributes = map[[empty]]], class annotated with @DirtiesContext [false] with mode [null].
12:41:20.736 [Test worker] DEBUG org.springframework.test.context.support.DependencyInjectionTestExecutionListener - Performing dependency injection for test context [[DefaultTestContext@178213b testClass = ConfigPropertiesTest, testInstance = com.example.currencyrate.ConfigPropertiesTest@2f48b3d2, testMethod = [null], testException = [null], mergedContextConfiguration = [MergedContextConfiguration@7103cb56 testClass = ConfigPropertiesTest, locations = '{}', classes = '{}', contextInitializerClasses = '[]', activeProfiles = '{}', propertySourceLocations = '{classpath:config-test.properties}', propertySourceProperties = '{}', contextCustomizers = set[org.springframework.boot.test.autoconfigure.actuate.metrics.MetricsExportContextCustomizerFactory$DisableMetricExportContextCustomizer@2f1de2d6, org.springframework.boot.test.autoconfigure.properties.PropertyMappingContextCustomizer@0, org.springframework.boot.test.autoconfigure.web.servlet.WebDriverContextCustomizerFactory$Customizer@38831718, [ImportsContextCustomizer@1b765a2c key = [@org.springframework.test.context.TestPropertySource(locations={}, value={"classpath:config-test.properties"}, inheritProperties=true, properties={}, inheritLocations=true), @org.springframework.context.annotation.Import({org.springframework.boot.context.properties.EnableConfigurationPropertiesRegistrar.class}), @org.springframework.boot.context.properties.EnableConfigurationProperties({com.example.currencyrate.config.ConfigProperties.class})]], org.springframework.boot.test.context.filter.ExcludeFilterContextCustomizer@28ec166e, org.springframework.boot.test.json.DuplicateJsonObjectContextCustomizerFactory$DuplicateJsonObjectContextCustomizer@5629510, org.springframework.boot.test.mock.mockito.MockitoContextCustomizer@0], contextLoader = 'org.springframework.test.context.support.DelegatingSmartContextLoader', parent = [null]], attributes = map['org.springframework.test.context.event.ApplicationEventsTestExecutionListener.recordApplicationEvents' -> false]]].
12:41:20.738 [Test worker] DEBUG org.springframework.test.context.support.AbstractDelegatingSmartContextLoader - Delegating to AnnotationConfigContextLoader to load context from [MergedContextConfiguration@7103cb56 testClass = ConfigPropertiesTest, locations = '{}', classes = '{}', contextInitializerClasses = '[]', activeProfiles = '{}', propertySourceLocations = '{classpath:config-test.properties}', propertySourceProperties = '{}', contextCustomizers = set[org.springframework.boot.test.autoconfigure.actuate.metrics.MetricsExportContextCustomizerFactory$DisableMetricExportContextCustomizer@2f1de2d6, org.springframework.boot.test.autoconfigure.properties.PropertyMappingContextCustomizer@0, org.springframework.boot.test.autoconfigure.web.servlet.WebDriverContextCustomizerFactory$Customizer@38831718, [ImportsContextCustomizer@1b765a2c key = [@org.springframework.test.context.TestPropertySource(locations={}, value={"classpath:config-test.properties"}, inheritProperties=true, properties={}, inheritLocations=true), @org.springframework.context.annotation.Import({org.springframework.boot.context.properties.EnableConfigurationPropertiesRegistrar.class}), @org.springframework.boot.context.properties.EnableConfigurationProperties({com.example.currencyrate.config.ConfigProperties.class})]], org.springframework.boot.test.context.filter.ExcludeFilterContextCustomizer@28ec166e, org.springframework.boot.test.json.DuplicateJsonObjectContextCustomizerFactory$DuplicateJsonObjectContextCustomizer@5629510, org.springframework.boot.test.mock.mockito.MockitoContextCustomizer@0], contextLoader = 'org.springframework.test.context.support.DelegatingSmartContextLoader', parent = [null]].
12:41:20.739 [Test worker] DEBUG org.springframework.test.context.support.AbstractGenericContextLoader - Loading ApplicationContext for merged context configuration [[MergedContextConfiguration@7103cb56 testClass = ConfigPropertiesTest, locations = '{}', classes = '{}', contextInitializerClasses = '[]', activeProfiles = '{}', propertySourceLocations = '{classpath:config-test.properties}', propertySourceProperties = '{}', contextCustomizers = set[org.springframework.boot.test.autoconfigure.actuate.metrics.MetricsExportContextCustomizerFactory$DisableMetricExportContextCustomizer@2f1de2d6, org.springframework.boot.test.autoconfigure.properties.PropertyMappingContextCustomizer@0, org.springframework.boot.test.autoconfigure.web.servlet.WebDriverContextCustomizerFactory$Customizer@38831718, [ImportsContextCustomizer@1b765a2c key = [@org.springframework.test.context.TestPropertySource(locations={}, value={"classpath:config-test.properties"}, inheritProperties=true, properties={}, inheritLocations=true), @org.springframework.context.annotation.Import({org.springframework.boot.context.properties.EnableConfigurationPropertiesRegistrar.class}), @org.springframework.boot.context.properties.EnableConfigurationProperties({com.example.currencyrate.config.ConfigProperties.class})]], org.springframework.boot.test.context.filter.ExcludeFilterContextCustomizer@28ec166e, org.springframework.boot.test.json.DuplicateJsonObjectContextCustomizerFactory$DuplicateJsonObjectContextCustomizer@5629510, org.springframework.boot.test.mock.mockito.MockitoContextCustomizer@0], contextLoader = 'org.springframework.test.context.support.DelegatingSmartContextLoader', parent = [null]]].
12:41:21.139 [Test worker] DEBUG org.springframework.core.env.StandardEnvironment - Activating profiles []
12:41:21.193 [Test worker] DEBUG org.springframework.test.context.support.AnnotationConfigContextLoader - Registering component classes: {}
12:41:21.237 [Test worker] DEBUG org.springframework.context.support.GenericApplicationContext - Refreshing org.springframework.context.support.GenericApplicationContext@ec2cc4
12:41:21.349 [Test worker] DEBUG org.springframework.beans.factory.support.DefaultListableBeanFactory - Creating shared instance of singleton bean 'org.springframework.context.annotation.internalConfigurationAnnotationProcessor'
12:41:21.689 [Test worker] DEBUG org.springframework.beans.factory.support.DefaultListableBeanFactory - Creating shared instance of singleton bean 'org.springframework.boot.test.context.ImportsContextCustomizer$ImportsCleanupPostProcessor'
12:41:21.764 [Test worker] DEBUG org.springframework.beans.factory.support.DefaultListableBeanFactory - Creating shared instance of singleton bean 'org.springframework.boot.test.mock.mockito.MockitoPostProcessor'
12:41:21.825 [Test worker] DEBUG org.springframework.beans.factory.support.DefaultListableBeanFactory - Creating shared instance of singleton bean 'org.springframework.context.event.internalEventListenerProcessor'
12:41:21.827 [Test worker] DEBUG org.springframework.beans.factory.support.DefaultListableBeanFactory - Creating shared instance of singleton bean 'org.springframework.context.event.internalEventListenerFactory'
12:41:21.830 [Test worker] DEBUG org.springframework.beans.factory.support.DefaultListableBeanFactory - Creating shared instance of singleton bean 'org.springframework.context.annotation.internalAutowiredAnnotationProcessor'
12:41:21.832 [Test worker] DEBUG org.springframework.beans.factory.support.DefaultListableBeanFactory - Creating shared instance of singleton bean 'org.springframework.context.annotation.internalCommonAnnotationProcessor'
12:41:21.888 [Test worker] DEBUG org.springframework.beans.factory.support.DefaultListableBeanFactory - Creating shared instance of singleton bean 'org.springframework.boot.test.mock.mockito.MockitoPostProcessor$SpyPostProcessor'
12:41:21.889 [Test worker] DEBUG org.springframework.beans.factory.support.DefaultListableBeanFactory - Creating shared instance of singleton bean 'org.springframework.boot.context.properties.ConfigurationPropertiesBindingPostProcessor'
12:41:21.890 [Test worker] DEBUG org.springframework.beans.factory.support.DefaultListableBeanFactory - Creating shared instance of singleton bean 'org.springframework.boot.context.internalConfigurationPropertiesBinder'
12:41:21.890 [Test worker] DEBUG org.springframework.beans.factory.support.DefaultListableBeanFactory - Creating shared instance of singleton bean 'org.springframework.boot.context.internalConfigurationPropertiesBinderFactory'
12:41:21.924 [Test worker] DEBUG org.springframework.beans.factory.support.DefaultListableBeanFactory - Creating shared instance of singleton bean 'org.springframework.boot.context.properties.BoundConfigurationProperties'
12:41:22.046 [Test worker] DEBUG org.springframework.beans.factory.support.DefaultListableBeanFactory - Creating shared instance of singleton bean 'org.springframework.boot.context.properties.EnableConfigurationPropertiesRegistrar.methodValidationExcludeFilter'
12:41:22.054 [Test worker] DEBUG org.springframework.beans.factory.support.DefaultListableBeanFactory - Creating shared instance of singleton bean 'feign-com.example.currencyrate.config.ConfigProperties'
12:41:22.610 [Test worker] DEBUG org.springframework.test.context.cache.DefaultCacheAwareContextLoaderDelegate - Storing ApplicationContext [15477956] in cache under key [[MergedContextConfiguration@7103cb56 testClass = ConfigPropertiesTest, locations = '{}', classes = '{}', contextInitializerClasses = '[]', activeProfiles = '{}', propertySourceLocations = '{classpath:config-test.properties}', propertySourceProperties = '{}', contextCustomizers = set[org.springframework.boot.test.autoconfigure.actuate.metrics.MetricsExportContextCustomizerFactory$DisableMetricExportContextCustomizer@2f1de2d6, org.springframework.boot.test.autoconfigure.properties.PropertyMappingContextCustomizer@0, org.springframework.boot.test.autoconfigure.web.servlet.WebDriverContextCustomizerFactory$Customizer@38831718, [ImportsContextCustomizer@1b765a2c key = [@org.springframework.test.context.TestPropertySource(locations={}, value={"classpath:config-test.properties"}, inheritProperties=true, properties={}, inheritLocations=true), @org.springframework.context.annotation.Import({org.springframework.boot.context.properties.EnableConfigurationPropertiesRegistrar.class}), @org.springframework.boot.context.properties.EnableConfigurationProperties({com.example.currencyrate.config.ConfigProperties.class})]], org.springframework.boot.test.context.filter.ExcludeFilterContextCustomizer@28ec166e, org.springframework.boot.test.json.DuplicateJsonObjectContextCustomizerFactory$DuplicateJsonObjectContextCustomizer@5629510, org.springframework.boot.test.mock.mockito.MockitoContextCustomizer@0], contextLoader = 'org.springframework.test.context.support.DelegatingSmartContextLoader', parent = [null]]]
12:41:22.612 [Test worker] DEBUG org.springframework.test.context.cache - Spring test ApplicationContext cache statistics: [DefaultContextCache@1bdbf9be size = 1, maxSize = 32, parentContextCount = 0, hitCount = 0, missCount = 1]
12:41:22.629 [Test worker] DEBUG org.springframework.test.context.cache.DefaultCacheAwareContextLoaderDelegate - Retrieved ApplicationContext [15477956] from cache with key [[MergedContextConfiguration@7103cb56 testClass = ConfigPropertiesTest, locations = '{}', classes = '{}', contextInitializerClasses = '[]', activeProfiles = '{}', propertySourceLocations = '{classpath:config-test.properties}', propertySourceProperties = '{}', contextCustomizers = set[org.springframework.boot.test.autoconfigure.actuate.metrics.MetricsExportContextCustomizerFactory$DisableMetricExportContextCustomizer@2f1de2d6, org.springframework.boot.test.autoconfigure.properties.PropertyMappingContextCustomizer@0, org.springframework.boot.test.autoconfigure.web.servlet.WebDriverContextCustomizerFactory$Customizer@38831718, [ImportsContextCustomizer@1b765a2c key = [@org.springframework.test.context.TestPropertySource(locations={}, value={"classpath:config-test.properties"}, inheritProperties=true, properties={}, inheritLocations=true), @org.springframework.context.annotation.Import({org.springframework.boot.context.properties.EnableConfigurationPropertiesRegistrar.class}), @org.springframework.boot.context.properties.EnableConfigurationProperties({com.example.currencyrate.config.ConfigProperties.class})]], org.springframework.boot.test.context.filter.ExcludeFilterContextCustomizer@28ec166e, org.springframework.boot.test.json.DuplicateJsonObjectContextCustomizerFactory$DuplicateJsonObjectContextCustomizer@5629510, org.springframework.boot.test.mock.mockito.MockitoContextCustomizer@0], contextLoader = 'org.springframework.test.context.support.DelegatingSmartContextLoader', parent = [null]]]
12:41:22.630 [Test worker] DEBUG org.springframework.test.context.cache - Spring test ApplicationContext cache statistics: [DefaultContextCache@1bdbf9be size = 1, maxSize = 32, parentContextCount = 0, hitCount = 1, missCount = 1]
12:41:22.639 [Test worker] DEBUG org.springframework.test.context.support.AbstractDirtiesContextTestExecutionListener - Before test method: context [DefaultTestContext@178213b testClass = ConfigPropertiesTest, testInstance = com.example.currencyrate.ConfigPropertiesTest@2f48b3d2, testMethod = configPropertiesSetCurrencyNull@ConfigPropertiesTest, testException = [null], mergedContextConfiguration = [MergedContextConfiguration@7103cb56 testClass = ConfigPropertiesTest, locations = '{}', classes = '{}', contextInitializerClasses = '[]', activeProfiles = '{}', propertySourceLocations = '{classpath:config-test.properties}', propertySourceProperties = '{}', contextCustomizers = set[org.springframework.boot.test.autoconfigure.actuate.metrics.MetricsExportContextCustomizerFactory$DisableMetricExportContextCustomizer@2f1de2d6, org.springframework.boot.test.autoconfigure.properties.PropertyMappingContextCustomizer@0, org.springframework.boot.test.autoconfigure.web.servlet.WebDriverContextCustomizerFactory$Customizer@38831718, [ImportsContextCustomizer@1b765a2c key = [@org.springframework.test.context.TestPropertySource(locations={}, value={"classpath:config-test.properties"}, inheritProperties=true, properties={}, inheritLocations=true), @org.springframework.context.annotation.Import({org.springframework.boot.context.properties.EnableConfigurationPropertiesRegistrar.class}), @org.springframework.boot.context.properties.EnableConfigurationProperties({com.example.currencyrate.config.ConfigProperties.class})]], org.springframework.boot.test.context.filter.ExcludeFilterContextCustomizer@28ec166e, org.springframework.boot.test.json.DuplicateJsonObjectContextCustomizerFactory$DuplicateJsonObjectContextCustomizer@5629510, org.springframework.boot.test.mock.mockito.MockitoContextCustomizer@0], contextLoader = 'org.springframework.test.context.support.DelegatingSmartContextLoader', parent = [null]], attributes = map['org.springframework.test.context.event.ApplicationEventsTestExecutionListener.recordApplicationEvents' -> false]], class annotated with @DirtiesContext [false] with mode [null], method annotated with @DirtiesContext [false] with mode [null].
12:41:22.642 [Test worker] DEBUG org.springframework.test.context.cache.DefaultCacheAwareContextLoaderDelegate - Retrieved ApplicationContext [15477956] from cache with key [[MergedContextConfiguration@7103cb56 testClass = ConfigPropertiesTest, locations = '{}', classes = '{}', contextInitializerClasses = '[]', activeProfiles = '{}', propertySourceLocations = '{classpath:config-test.properties}', propertySourceProperties = '{}', contextCustomizers = set[org.springframework.boot.test.autoconfigure.actuate.metrics.MetricsExportContextCustomizerFactory$DisableMetricExportContextCustomizer@2f1de2d6, org.springframework.boot.test.autoconfigure.properties.PropertyMappingContextCustomizer@0, org.springframework.boot.test.autoconfigure.web.servlet.WebDriverContextCustomizerFactory$Customizer@38831718, [ImportsContextCustomizer@1b765a2c key = [@org.springframework.test.context.TestPropertySource(locations={}, value={"classpath:config-test.properties"}, inheritProperties=true, properties={}, inheritLocations=true), @org.springframework.context.annotation.Import({org.springframework.boot.context.properties.EnableConfigurationPropertiesRegistrar.class}), @org.springframework.boot.context.properties.EnableConfigurationProperties({com.example.currencyrate.config.ConfigProperties.class})]], org.springframework.boot.test.context.filter.ExcludeFilterContextCustomizer@28ec166e, org.springframework.boot.test.json.DuplicateJsonObjectContextCustomizerFactory$DuplicateJsonObjectContextCustomizer@5629510, org.springframework.boot.test.mock.mockito.MockitoContextCustomizer@0], contextLoader = 'org.springframework.test.context.support.DelegatingSmartContextLoader', parent = [null]]]
12:41:22.642 [Test worker] DEBUG org.springframework.test.context.cache - Spring test ApplicationContext cache statistics: [DefaultContextCache@1bdbf9be size = 1, maxSize = 32, parentContextCount = 0, hitCount = 2, missCount = 1]
12:41:22.645 [Test worker] DEBUG org.springframework.test.context.cache.DefaultCacheAwareContextLoaderDelegate - Retrieved ApplicationContext [15477956] from cache with key [[MergedContextConfiguration@7103cb56 testClass = ConfigPropertiesTest, locations = '{}', classes = '{}', contextInitializerClasses = '[]', activeProfiles = '{}', propertySourceLocations = '{classpath:config-test.properties}', propertySourceProperties = '{}', contextCustomizers = set[org.springframework.boot.test.autoconfigure.actuate.metrics.MetricsExportContextCustomizerFactory$DisableMetricExportContextCustomizer@2f1de2d6, org.springframework.boot.test.autoconfigure.properties.PropertyMappingContextCustomizer@0, org.springframework.boot.test.autoconfigure.web.servlet.WebDriverContextCustomizerFactory$Customizer@38831718, [ImportsContextCustomizer@1b765a2c key = [@org.springframework.test.context.TestPropertySource(locations={}, value={"classpath:config-test.properties"}, inheritProperties=true, properties={}, inheritLocations=true), @org.springframework.context.annotation.Import({org.springframework.boot.context.properties.EnableConfigurationPropertiesRegistrar.class}), @org.springframework.boot.context.properties.EnableConfigurationProperties({com.example.currencyrate.config.ConfigProperties.class})]], org.springframework.boot.test.context.filter.ExcludeFilterContextCustomizer@28ec166e, org.springframework.boot.test.json.DuplicateJsonObjectContextCustomizerFactory$DuplicateJsonObjectContextCustomizer@5629510, org.springframework.boot.test.mock.mockito.MockitoContextCustomizer@0], contextLoader = 'org.springframework.test.context.support.DelegatingSmartContextLoader', parent = [null]]]
12:41:22.645 [Test worker] DEBUG org.springframework.test.context.cache - Spring test ApplicationContext cache statistics: [DefaultContextCache@1bdbf9be size = 1, maxSize = 32, parentContextCount = 0, hitCount = 3, missCount = 1]
12:41:23.457 [Test worker] DEBUG org.springframework.test.context.cache.DefaultCacheAwareContextLoaderDelegate - Retrieved ApplicationContext [15477956] from cache with key [[MergedContextConfiguration@7103cb56 testClass = ConfigPropertiesTest, locations = '{}', classes = '{}', contextInitializerClasses = '[]', activeProfiles = '{}', propertySourceLocations = '{classpath:config-test.properties}', propertySourceProperties = '{}', contextCustomizers = set[org.springframework.boot.test.autoconfigure.actuate.metrics.MetricsExportContextCustomizerFactory$DisableMetricExportContextCustomizer@2f1de2d6, org.springframework.boot.test.autoconfigure.properties.PropertyMappingContextCustomizer@0, org.springframework.boot.test.autoconfigure.web.servlet.WebDriverContextCustomizerFactory$Customizer@38831718, [ImportsContextCustomizer@1b765a2c key = [@org.springframework.test.context.TestPropertySource(locations={}, value={"classpath:config-test.properties"}, inheritProperties=true, properties={}, inheritLocations=true), @org.springframework.context.annotation.Import({org.springframework.boot.context.properties.EnableConfigurationPropertiesRegistrar.class}), @org.springframework.boot.context.properties.EnableConfigurationProperties({com.example.currencyrate.config.ConfigProperties.class})]], org.springframework.boot.test.context.filter.ExcludeFilterContextCustomizer@28ec166e, org.springframework.boot.test.json.DuplicateJsonObjectContextCustomizerFactory$DuplicateJsonObjectContextCustomizer@5629510, org.springframework.boot.test.mock.mockito.MockitoContextCustomizer@0], contextLoader = 'org.springframework.test.context.support.DelegatingSmartContextLoader', parent = [null]]]
12:41:23.457 [Test worker] DEBUG org.springframework.test.context.cache - Spring test ApplicationContext cache statistics: [DefaultContextCache@1bdbf9be size = 1, maxSize = 32, parentContextCount = 0, hitCount = 4, missCount = 1]
12:41:23.469 [Test worker] DEBUG org.springframework.test.context.cache.DefaultCacheAwareContextLoaderDelegate - Retrieved ApplicationContext [15477956] from cache with key [[MergedContextConfiguration@7103cb56 testClass = ConfigPropertiesTest, locations = '{}', classes = '{}', contextInitializerClasses = '[]', activeProfiles = '{}', propertySourceLocations = '{classpath:config-test.properties}', propertySourceProperties = '{}', contextCustomizers = set[org.springframework.boot.test.autoconfigure.actuate.metrics.MetricsExportContextCustomizerFactory$DisableMetricExportContextCustomizer@2f1de2d6, org.springframework.boot.test.autoconfigure.properties.PropertyMappingContextCustomizer@0, org.springframework.boot.test.autoconfigure.web.servlet.WebDriverContextCustomizerFactory$Customizer@38831718, [ImportsContextCustomizer@1b765a2c key = [@org.springframework.test.context.TestPropertySource(locations={}, value={"classpath:config-test.properties"}, inheritProperties=true, properties={}, inheritLocations=true), @org.springframework.context.annotation.Import({org.springframework.boot.context.properties.EnableConfigurationPropertiesRegistrar.class}), @org.springframework.boot.context.properties.EnableConfigurationProperties({com.example.currencyrate.config.ConfigProperties.class})]], org.springframework.boot.test.context.filter.ExcludeFilterContextCustomizer@28ec166e, org.springframework.boot.test.json.DuplicateJsonObjectContextCustomizerFactory$DuplicateJsonObjectContextCustomizer@5629510, org.springframework.boot.test.mock.mockito.MockitoContextCustomizer@0], contextLoader = 'org.springframework.test.context.support.DelegatingSmartContextLoader', parent = [null]]]
12:41:23.469 [Test worker] DEBUG org.springframework.test.context.cache - Spring test ApplicationContext cache statistics: [DefaultContextCache@1bdbf9be size = 1, maxSize = 32, parentContextCount = 0, hitCount = 5, missCount = 1]
12:41:23.472 [Test worker] DEBUG org.springframework.test.context.cache.DefaultCacheAwareContextLoaderDelegate - Retrieved ApplicationContext [15477956] from cache with key [[MergedContextConfiguration@7103cb56 testClass = ConfigPropertiesTest, locations = '{}', classes = '{}', contextInitializerClasses = '[]', activeProfiles = '{}', propertySourceLocations = '{classpath:config-test.properties}', propertySourceProperties = '{}', contextCustomizers = set[org.springframework.boot.test.autoconfigure.actuate.metrics.MetricsExportContextCustomizerFactory$DisableMetricExportContextCustomizer@2f1de2d6, org.springframework.boot.test.autoconfigure.properties.PropertyMappingContextCustomizer@0, org.springframework.boot.test.autoconfigure.web.servlet.WebDriverContextCustomizerFactory$Customizer@38831718, [ImportsContextCustomizer@1b765a2c key = [@org.springframework.test.context.TestPropertySource(locations={}, value={"classpath:config-test.properties"}, inheritProperties=true, properties={}, inheritLocations=true), @org.springframework.context.annotation.Import({org.springframework.boot.context.properties.EnableConfigurationPropertiesRegistrar.class}), @org.springframework.boot.context.properties.EnableConfigurationProperties({com.example.currencyrate.config.ConfigProperties.class})]], org.springframework.boot.test.context.filter.ExcludeFilterContextCustomizer@28ec166e, org.springframework.boot.test.json.DuplicateJsonObjectContextCustomizerFactory$DuplicateJsonObjectContextCustomizer@5629510, org.springframework.boot.test.mock.mockito.MockitoContextCustomizer@0], contextLoader = 'org.springframework.test.context.support.DelegatingSmartContextLoader', parent = [null]]]
12:41:23.472 [Test worker] DEBUG org.springframework.test.context.cache - Spring test ApplicationContext cache statistics: [DefaultContextCache@1bdbf9be size = 1, maxSize = 32, parentContextCount = 0, hitCount = 6, missCount = 1]
12:41:23.474 [Test worker] DEBUG org.springframework.test.context.cache.DefaultCacheAwareContextLoaderDelegate - Retrieved ApplicationContext [15477956] from cache with key [[MergedContextConfiguration@7103cb56 testClass = ConfigPropertiesTest, locations = '{}', classes = '{}', contextInitializerClasses = '[]', activeProfiles = '{}', propertySourceLocations = '{classpath:config-test.properties}', propertySourceProperties = '{}', contextCustomizers = set[org.springframework.boot.test.autoconfigure.actuate.metrics.MetricsExportContextCustomizerFactory$DisableMetricExportContextCustomizer@2f1de2d6, org.springframework.boot.test.autoconfigure.properties.PropertyMappingContextCustomizer@0, org.springframework.boot.test.autoconfigure.web.servlet.WebDriverContextCustomizerFactory$Customizer@38831718, [ImportsContextCustomizer@1b765a2c key = [@org.springframework.test.context.TestPropertySource(locations={}, value={"classpath:config-test.properties"}, inheritProperties=true, properties={}, inheritLocations=true), @org.springframework.context.annotation.Import({org.springframework.boot.context.properties.EnableConfigurationPropertiesRegistrar.class}), @org.springframework.boot.context.properties.EnableConfigurationProperties({com.example.currencyrate.config.ConfigProperties.class})]], org.springframework.boot.test.context.filter.ExcludeFilterContextCustomizer@28ec166e, org.springframework.boot.test.json.DuplicateJsonObjectContextCustomizerFactory$DuplicateJsonObjectContextCustomizer@5629510, org.springframework.boot.test.mock.mockito.MockitoContextCustomizer@0], contextLoader = 'org.springframework.test.context.support.DelegatingSmartContextLoader', parent = [null]]]
12:41:23.475 [Test worker] DEBUG org.springframework.test.context.cache - Spring test ApplicationContext cache statistics: [DefaultContextCache@1bdbf9be size = 1, maxSize = 32, parentContextCount = 0, hitCount = 7, missCount = 1]
12:41:23.476 [Test worker] DEBUG org.springframework.test.context.cache.DefaultCacheAwareContextLoaderDelegate - Retrieved ApplicationContext [15477956] from cache with key [[MergedContextConfiguration@7103cb56 testClass = ConfigPropertiesTest, locations = '{}', classes = '{}', contextInitializerClasses = '[]', activeProfiles = '{}', propertySourceLocations = '{classpath:config-test.properties}', propertySourceProperties = '{}', contextCustomizers = set[org.springframework.boot.test.autoconfigure.actuate.metrics.MetricsExportContextCustomizerFactory$DisableMetricExportContextCustomizer@2f1de2d6, org.springframework.boot.test.autoconfigure.properties.PropertyMappingContextCustomizer@0, org.springframework.boot.test.autoconfigure.web.servlet.WebDriverContextCustomizerFactory$Customizer@38831718, [ImportsContextCustomizer@1b765a2c key = [@org.springframework.test.context.TestPropertySource(locations={}, value={"classpath:config-test.properties"}, inheritProperties=true, properties={}, inheritLocations=true), @org.springframework.context.annotation.Import({org.springframework.boot.context.properties.EnableConfigurationPropertiesRegistrar.class}), @org.springframework.boot.context.properties.EnableConfigurationProperties({com.example.currencyrate.config.ConfigProperties.class})]], org.springframework.boot.test.context.filter.ExcludeFilterContextCustomizer@28ec166e, org.springframework.boot.test.json.DuplicateJsonObjectContextCustomizerFactory$DuplicateJsonObjectContextCustomizer@5629510, org.springframework.boot.test.mock.mockito.MockitoContextCustomizer@0], contextLoader = 'org.springframework.test.context.support.DelegatingSmartContextLoader', parent = [null]]]
12:41:23.476 [Test worker] DEBUG org.springframework.test.context.cache - Spring test ApplicationContext cache statistics: [DefaultContextCache@1bdbf9be size = 1, maxSize = 32, parentContextCount = 0, hitCount = 8, missCount = 1]
12:41:23.478 [Test worker] DEBUG org.springframework.test.context.cache.DefaultCacheAwareContextLoaderDelegate - Retrieved ApplicationContext [15477956] from cache with key [[MergedContextConfiguration@7103cb56 testClass = ConfigPropertiesTest, locations = '{}', classes = '{}', contextInitializerClasses = '[]', activeProfiles = '{}', propertySourceLocations = '{classpath:config-test.properties}', propertySourceProperties = '{}', contextCustomizers = set[org.springframework.boot.test.autoconfigure.actuate.metrics.MetricsExportContextCustomizerFactory$DisableMetricExportContextCustomizer@2f1de2d6, org.springframework.boot.test.autoconfigure.properties.PropertyMappingContextCustomizer@0, org.springframework.boot.test.autoconfigure.web.servlet.WebDriverContextCustomizerFactory$Customizer@38831718, [ImportsContextCustomizer@1b765a2c key = [@org.springframework.test.context.TestPropertySource(locations={}, value={"classpath:config-test.properties"}, inheritProperties=true, properties={}, inheritLocations=true), @org.springframework.context.annotation.Import({org.springframework.boot.context.properties.EnableConfigurationPropertiesRegistrar.class}), @org.springframework.boot.context.properties.EnableConfigurationProperties({com.example.currencyrate.config.ConfigProperties.class})]], org.springframework.boot.test.context.filter.ExcludeFilterContextCustomizer@28ec166e, org.springframework.boot.test.json.DuplicateJsonObjectContextCustomizerFactory$DuplicateJsonObjectContextCustomizer@5629510, org.springframework.boot.test.mock.mockito.MockitoContextCustomizer@0], contextLoader = 'org.springframework.test.context.support.DelegatingSmartContextLoader', parent = [null]]]
12:41:23.479 [Test worker] DEBUG org.springframework.test.context.cache - Spring test ApplicationContext cache statistics: [DefaultContextCache@1bdbf9be size = 1, maxSize = 32, parentContextCount = 0, hitCount = 9, missCount = 1]
12:41:23.482 [Test worker] DEBUG org.springframework.test.context.cache.DefaultCacheAwareContextLoaderDelegate - Retrieved ApplicationContext [15477956] from cache with key [[MergedContextConfiguration@7103cb56 testClass = ConfigPropertiesTest, locations = '{}', classes = '{}', contextInitializerClasses = '[]', activeProfiles = '{}', propertySourceLocations = '{classpath:config-test.properties}', propertySourceProperties = '{}', contextCustomizers = set[org.springframework.boot.test.autoconfigure.actuate.metrics.MetricsExportContextCustomizerFactory$DisableMetricExportContextCustomizer@2f1de2d6, org.springframework.boot.test.autoconfigure.properties.PropertyMappingContextCustomizer@0, org.springframework.boot.test.autoconfigure.web.servlet.WebDriverContextCustomizerFactory$Customizer@38831718, [ImportsContextCustomizer@1b765a2c key = [@org.springframework.test.context.TestPropertySource(locations={}, value={"classpath:config-test.properties"}, inheritProperties=true, properties={}, inheritLocations=true), @org.springframework.context.annotation.Import({org.springframework.boot.context.properties.EnableConfigurationPropertiesRegistrar.class}), @org.springframework.boot.context.properties.EnableConfigurationProperties({com.example.currencyrate.config.ConfigProperties.class})]], org.springframework.boot.test.context.filter.ExcludeFilterContextCustomizer@28ec166e, org.springframework.boot.test.json.DuplicateJsonObjectContextCustomizerFactory$DuplicateJsonObjectContextCustomizer@5629510, org.springframework.boot.test.mock.mockito.MockitoContextCustomizer@0], contextLoader = 'org.springframework.test.context.support.DelegatingSmartContextLoader', parent = [null]]]
12:41:23.483 [Test worker] DEBUG org.springframework.test.context.cache - Spring test ApplicationContext cache statistics: [DefaultContextCache@1bdbf9be size = 1, maxSize = 32, parentContextCount = 0, hitCount = 10, missCount = 1]
12:41:23.484 [Test worker] DEBUG org.springframework.test.context.support.AbstractDirtiesContextTestExecutionListener - After test method: context [DefaultTestContext@178213b testClass = ConfigPropertiesTest, testInstance = com.example.currencyrate.ConfigPropertiesTest@2f48b3d2, testMethod = configPropertiesSetCurrencyNull@ConfigPropertiesTest, testException = [null], mergedContextConfiguration = [MergedContextConfiguration@7103cb56 testClass = ConfigPropertiesTest, locations = '{}', classes = '{}', contextInitializerClasses = '[]', activeProfiles = '{}', propertySourceLocations = '{classpath:config-test.properties}', propertySourceProperties = '{}', contextCustomizers = set[org.springframework.boot.test.autoconfigure.actuate.metrics.MetricsExportContextCustomizerFactory$DisableMetricExportContextCustomizer@2f1de2d6, org.springframework.boot.test.autoconfigure.properties.PropertyMappingContextCustomizer@0, org.springframework.boot.test.autoconfigure.web.servlet.WebDriverContextCustomizerFactory$Customizer@38831718, [ImportsContextCustomizer@1b765a2c key = [@org.springframework.test.context.TestPropertySource(locations={}, value={"classpath:config-test.properties"}, inheritProperties=true, properties={}, inheritLocations=true), @org.springframework.context.annotation.Import({org.springframework.boot.context.properties.EnableConfigurationPropertiesRegistrar.class}), @org.springframework.boot.context.properties.EnableConfigurationProperties({com.example.currencyrate.config.ConfigProperties.class})]], org.springframework.boot.test.context.filter.ExcludeFilterContextCustomizer@28ec166e, org.springframework.boot.test.json.DuplicateJsonObjectContextCustomizerFactory$DuplicateJsonObjectContextCustomizer@5629510, org.springframework.boot.test.mock.mockito.MockitoContextCustomizer@0], contextLoader = 'org.springframework.test.context.support.DelegatingSmartContextLoader', parent = [null]], attributes = map['org.springframework.test.context.event.ApplicationEventsTestExecutionListener.recordApplicationEvents' -> false]], class annotated with @DirtiesContext [false] with mode [null], method annotated with @DirtiesContext [false] with mode [null].
12:41:23.494 [Test worker] DEBUG org.springframework.test.context.support.DependencyInjectionTestExecutionListener - Performing dependency injection for test context [[DefaultTestContext@178213b testClass = ConfigPropertiesTest, testInstance = com.example.currencyrate.ConfigPropertiesTest@3d5790ea, testMethod = [null], testException = [null], mergedContextConfiguration = [MergedContextConfiguration@7103cb56 testClass = ConfigPropertiesTest, locations = '{}', classes = '{}', contextInitializerClasses = '[]', activeProfiles = '{}', propertySourceLocations = '{classpath:config-test.properties}', propertySourceProperties = '{}', contextCustomizers = set[org.springframework.boot.test.autoconfigure.actuate.metrics.MetricsExportContextCustomizerFactory$DisableMetricExportContextCustomizer@2f1de2d6, org.springframework.boot.test.autoconfigure.properties.PropertyMappingContextCustomizer@0, org.springframework.boot.test.autoconfigure.web.servlet.WebDriverContextCustomizerFactory$Customizer@38831718, [ImportsContextCustomizer@1b765a2c key = [@org.springframework.test.context.TestPropertySource(locations={}, value={"classpath:config-test.properties"}, inheritProperties=true, properties={}, inheritLocations=true), @org.springframework.context.annotation.Import({org.springframework.boot.context.properties.EnableConfigurationPropertiesRegistrar.class}), @org.springframework.boot.context.properties.EnableConfigurationProperties({com.example.currencyrate.config.ConfigProperties.class})]], org.springframework.boot.test.context.filter.ExcludeFilterContextCustomizer@28ec166e, org.springframework.boot.test.json.DuplicateJsonObjectContextCustomizerFactory$DuplicateJsonObjectContextCustomizer@5629510, org.springframework.boot.test.mock.mockito.MockitoContextCustomizer@0], contextLoader = 'org.springframework.test.context.support.DelegatingSmartContextLoader', parent = [null]], attributes = map['org.springframework.test.context.event.ApplicationEventsTestExecutionListener.recordApplicationEvents' -> false]]].
12:41:23.495 [Test worker] DEBUG org.springframework.test.context.cache.DefaultCacheAwareContextLoaderDelegate - Retrieved ApplicationContext [15477956] from cache with key [[MergedContextConfiguration@7103cb56 testClass = ConfigPropertiesTest, locations = '{}', classes = '{}', contextInitializerClasses = '[]', activeProfiles = '{}', propertySourceLocations = '{classpath:config-test.properties}', propertySourceProperties = '{}', contextCustomizers = set[org.springframework.boot.test.autoconfigure.actuate.metrics.MetricsExportContextCustomizerFactory$DisableMetricExportContextCustomizer@2f1de2d6, org.springframework.boot.test.autoconfigure.properties.PropertyMappingContextCustomizer@0, org.springframework.boot.test.autoconfigure.web.servlet.WebDriverContextCustomizerFactory$Customizer@38831718, [ImportsContextCustomizer@1b765a2c key = [@org.springframework.test.context.TestPropertySource(locations={}, value={"classpath:config-test.properties"}, inheritProperties=true, properties={}, inheritLocations=true), @org.springframework.context.annotation.Import({org.springframework.boot.context.properties.EnableConfigurationPropertiesRegistrar.class}), @org.springframework.boot.context.properties.EnableConfigurationProperties({com.example.currencyrate.config.ConfigProperties.class})]], org.springframework.boot.test.context.filter.ExcludeFilterContextCustomizer@28ec166e, org.springframework.boot.test.json.DuplicateJsonObjectContextCustomizerFactory$DuplicateJsonObjectContextCustomizer@5629510, org.springframework.boot.test.mock.mockito.MockitoContextCustomizer@0], contextLoader = 'org.springframework.test.context.support.DelegatingSmartContextLoader', parent = [null]]]
12:41:23.495 [Test worker] DEBUG org.springframework.test.context.cache - Spring test ApplicationContext cache statistics: [DefaultContextCache@1bdbf9be size = 1, maxSize = 32, parentContextCount = 0, hitCount = 11, missCount = 1]
12:41:23.497 [Test worker] DEBUG org.springframework.test.context.cache.DefaultCacheAwareContextLoaderDelegate - Retrieved ApplicationContext [15477956] from cache with key [[MergedContextConfiguration@7103cb56 testClass = ConfigPropertiesTest, locations = '{}', classes = '{}', contextInitializerClasses = '[]', activeProfiles = '{}', propertySourceLocations = '{classpath:config-test.properties}', propertySourceProperties = '{}', contextCustomizers = set[org.springframework.boot.test.autoconfigure.actuate.metrics.MetricsExportContextCustomizerFactory$DisableMetricExportContextCustomizer@2f1de2d6, org.springframework.boot.test.autoconfigure.properties.PropertyMappingContextCustomizer@0, org.springframework.boot.test.autoconfigure.web.servlet.WebDriverContextCustomizerFactory$Customizer@38831718, [ImportsContextCustomizer@1b765a2c key = [@org.springframework.test.context.TestPropertySource(locations={}, value={"classpath:config-test.properties"}, inheritProperties=true, properties={}, inheritLocations=true), @org.springframework.context.annotation.Import({org.springframework.boot.context.properties.EnableConfigurationPropertiesRegistrar.class}), @org.springframework.boot.context.properties.EnableConfigurationProperties({com.example.currencyrate.config.ConfigProperties.class})]], org.springframework.boot.test.context.filter.ExcludeFilterContextCustomizer@28ec166e, org.springframework.boot.test.json.DuplicateJsonObjectContextCustomizerFactory$DuplicateJsonObjectContextCustomizer@5629510, org.springframework.boot.test.mock.mockito.MockitoContextCustomizer@0], contextLoader = 'org.springframework.test.context.support.DelegatingSmartContextLoader', parent = [null]]]
12:41:23.498 [Test worker] DEBUG org.springframework.test.context.cache - Spring test ApplicationContext cache statistics: [DefaultContextCache@1bdbf9be size = 1, maxSize = 32, parentContextCount = 0, hitCount = 12, missCount = 1]
12:41:23.500 [Test worker] DEBUG org.springframework.test.context.support.AbstractDirtiesContextTestExecutionListener - Before test method: context [DefaultTestContext@178213b testClass = ConfigPropertiesTest, testInstance = com.example.currencyrate.ConfigPropertiesTest@3d5790ea, testMethod = configPropertiesAllFieldsAreSet@ConfigPropertiesTest, testException = [null], mergedContextConfiguration = [MergedContextConfiguration@7103cb56 testClass = ConfigPropertiesTest, locations = '{}', classes = '{}', contextInitializerClasses = '[]', activeProfiles = '{}', propertySourceLocations = '{classpath:config-test.properties}', propertySourceProperties = '{}', contextCustomizers = set[org.springframework.boot.test.autoconfigure.actuate.metrics.MetricsExportContextCustomizerFactory$DisableMetricExportContextCustomizer@2f1de2d6, org.springframework.boot.test.autoconfigure.properties.PropertyMappingContextCustomizer@0, org.springframework.boot.test.autoconfigure.web.servlet.WebDriverContextCustomizerFactory$Customizer@38831718, [ImportsContextCustomizer@1b765a2c key = [@org.springframework.test.context.TestPropertySource(locations={}, value={"classpath:config-test.properties"}, inheritProperties=true, properties={}, inheritLocations=true), @org.springframework.context.annotation.Import({org.springframework.boot.context.properties.EnableConfigurationPropertiesRegistrar.class}), @org.springframework.boot.context.properties.EnableConfigurationProperties({com.example.currencyrate.config.ConfigProperties.class})]], org.springframework.boot.test.context.filter.ExcludeFilterContextCustomizer@28ec166e, org.springframework.boot.test.json.DuplicateJsonObjectContextCustomizerFactory$DuplicateJsonObjectContextCustomizer@5629510, org.springframework.boot.test.mock.mockito.MockitoContextCustomizer@0], contextLoader = 'org.springframework.test.context.support.DelegatingSmartContextLoader', parent = [null]], attributes = map['org.springframework.test.context.event.ApplicationEventsTestExecutionListener.recordApplicationEvents' -> false]], class annotated with @DirtiesContext [false] with mode [null], method annotated with @DirtiesContext [false] with mode [null].
12:41:23.501 [Test worker] DEBUG org.springframework.test.context.cache.DefaultCacheAwareContextLoaderDelegate - Retrieved ApplicationContext [15477956] from cache with key [[MergedContextConfiguration@7103cb56 testClass = ConfigPropertiesTest, locations = '{}', classes = '{}', contextInitializerClasses = '[]', activeProfiles = '{}', propertySourceLocations = '{classpath:config-test.properties}', propertySourceProperties = '{}', contextCustomizers = set[org.springframework.boot.test.autoconfigure.actuate.metrics.MetricsExportContextCustomizerFactory$DisableMetricExportContextCustomizer@2f1de2d6, org.springframework.boot.test.autoconfigure.properties.PropertyMappingContextCustomizer@0, org.springframework.boot.test.autoconfigure.web.servlet.WebDriverContextCustomizerFactory$Customizer@38831718, [ImportsContextCustomizer@1b765a2c key = [@org.springframework.test.context.TestPropertySource(locations={}, value={"classpath:config-test.properties"}, inheritProperties=true, properties={}, inheritLocations=true), @org.springframework.context.annotation.Import({org.springframework.boot.context.properties.EnableConfigurationPropertiesRegistrar.class}), @org.springframework.boot.context.properties.EnableConfigurationProperties({com.example.currencyrate.config.ConfigProperties.class})]], org.springframework.boot.test.context.filter.ExcludeFilterContextCustomizer@28ec166e, org.springframework.boot.test.json.DuplicateJsonObjectContextCustomizerFactory$DuplicateJsonObjectContextCustomizer@5629510, org.springframework.boot.test.mock.mockito.MockitoContextCustomizer@0], contextLoader = 'org.springframework.test.context.support.DelegatingSmartContextLoader', parent = [null]]]
12:41:23.501 [Test worker] DEBUG org.springframework.test.context.cache - Spring test ApplicationContext cache statistics: [DefaultContextCache@1bdbf9be size = 1, maxSize = 32, parentContextCount = 0, hitCount = 13, missCount = 1]
12:41:23.503 [Test worker] DEBUG org.springframework.test.context.cache.DefaultCacheAwareContextLoaderDelegate - Retrieved ApplicationContext [15477956] from cache with key [[MergedContextConfiguration@7103cb56 testClass = ConfigPropertiesTest, locations = '{}', classes = '{}', contextInitializerClasses = '[]', activeProfiles = '{}', propertySourceLocations = '{classpath:config-test.properties}', propertySourceProperties = '{}', contextCustomizers = set[org.springframework.boot.test.autoconfigure.actuate.metrics.MetricsExportContextCustomizerFactory$DisableMetricExportContextCustomizer@2f1de2d6, org.springframework.boot.test.autoconfigure.properties.PropertyMappingContextCustomizer@0, org.springframework.boot.test.autoconfigure.web.servlet.WebDriverContextCustomizerFactory$Customizer@38831718, [ImportsContextCustomizer@1b765a2c key = [@org.springframework.test.context.TestPropertySource(locations={}, value={"classpath:config-test.properties"}, inheritProperties=true, properties={}, inheritLocations=true), @org.springframework.context.annotation.Import({org.springframework.boot.context.properties.EnableConfigurationPropertiesRegistrar.class}), @org.springframework.boot.context.properties.EnableConfigurationProperties({com.example.currencyrate.config.ConfigProperties.class})]], org.springframework.boot.test.context.filter.ExcludeFilterContextCustomizer@28ec166e, org.springframework.boot.test.json.DuplicateJsonObjectContextCustomizerFactory$DuplicateJsonObjectContextCustomizer@5629510, org.springframework.boot.test.mock.mockito.MockitoContextCustomizer@0], contextLoader = 'org.springframework.test.context.support.DelegatingSmartContextLoader', parent = [null]]]
12:41:23.504 [Test worker] DEBUG org.springframework.test.context.cache - Spring test ApplicationContext cache statistics: [DefaultContextCache@1bdbf9be size = 1, maxSize = 32, parentContextCount = 0, hitCount = 14, missCount = 1]
12:41:23.505 [Test worker] DEBUG org.springframework.test.context.cache.DefaultCacheAwareContextLoaderDelegate - Retrieved ApplicationContext [15477956] from cache with key [[MergedContextConfiguration@7103cb56 testClass = ConfigPropertiesTest, locations = '{}', classes = '{}', contextInitializerClasses = '[]', activeProfiles = '{}', propertySourceLocations = '{classpath:config-test.properties}', propertySourceProperties = '{}', contextCustomizers = set[org.springframework.boot.test.autoconfigure.actuate.metrics.MetricsExportContextCustomizerFactory$DisableMetricExportContextCustomizer@2f1de2d6, org.springframework.boot.test.autoconfigure.properties.PropertyMappingContextCustomizer@0, org.springframework.boot.test.autoconfigure.web.servlet.WebDriverContextCustomizerFactory$Customizer@38831718, [ImportsContextCustomizer@1b765a2c key = [@org.springframework.test.context.TestPropertySource(locations={}, value={"classpath:config-test.properties"}, inheritProperties=true, properties={}, inheritLocations=true), @org.springframework.context.annotation.Import({org.springframework.boot.context.properties.EnableConfigurationPropertiesRegistrar.class}), @org.springframework.boot.context.properties.EnableConfigurationProperties({com.example.currencyrate.config.ConfigProperties.class})]], org.springframework.boot.test.context.filter.ExcludeFilterContextCustomizer@28ec166e, org.springframework.boot.test.json.DuplicateJsonObjectContextCustomizerFactory$DuplicateJsonObjectContextCustomizer@5629510, org.springframework.boot.test.mock.mockito.MockitoContextCustomizer@0], contextLoader = 'org.springframework.test.context.support.DelegatingSmartContextLoader', parent = [null]]]
12:41:23.505 [Test worker] DEBUG org.springframework.test.context.cache - Spring test ApplicationContext cache statistics: [DefaultContextCache@1bdbf9be size = 1, maxSize = 32, parentContextCount = 0, hitCount = 15, missCount = 1]
12:41:23.508 [Test worker] DEBUG org.springframework.test.context.cache.DefaultCacheAwareContextLoaderDelegate - Retrieved ApplicationContext [15477956] from cache with key [[MergedContextConfiguration@7103cb56 testClass = ConfigPropertiesTest, locations = '{}', classes = '{}', contextInitializerClasses = '[]', activeProfiles = '{}', propertySourceLocations = '{classpath:config-test.properties}', propertySourceProperties = '{}', contextCustomizers = set[org.springframework.boot.test.autoconfigure.actuate.metrics.MetricsExportContextCustomizerFactory$DisableMetricExportContextCustomizer@2f1de2d6, org.springframework.boot.test.autoconfigure.properties.PropertyMappingContextCustomizer@0, org.springframework.boot.test.autoconfigure.web.servlet.WebDriverContextCustomizerFactory$Customizer@38831718, [ImportsContextCustomizer@1b765a2c key = [@org.springframework.test.context.TestPropertySource(locations={}, value={"classpath:config-test.properties"}, inheritProperties=true, properties={}, inheritLocations=true), @org.springframework.context.annotation.Import({org.springframework.boot.context.properties.EnableConfigurationPropertiesRegistrar.class}), @org.springframework.boot.context.properties.EnableConfigurationProperties({com.example.currencyrate.config.ConfigProperties.class})]], org.springframework.boot.test.context.filter.ExcludeFilterContextCustomizer@28ec166e, org.springframework.boot.test.json.DuplicateJsonObjectContextCustomizerFactory$DuplicateJsonObjectContextCustomizer@5629510, org.springframework.boot.test.mock.mockito.MockitoContextCustomizer@0], contextLoader = 'org.springframework.test.context.support.DelegatingSmartContextLoader', parent = [null]]]
12:41:23.508 [Test worker] DEBUG org.springframework.test.context.cache - Spring test ApplicationContext cache statistics: [DefaultContextCache@1bdbf9be size = 1, maxSize = 32, parentContextCount = 0, hitCount = 16, missCount = 1]
12:41:23.510 [Test worker] DEBUG org.springframework.test.context.cache.DefaultCacheAwareContextLoaderDelegate - Retrieved ApplicationContext [15477956] from cache with key [[MergedContextConfiguration@7103cb56 testClass = ConfigPropertiesTest, locations = '{}', classes = '{}', contextInitializerClasses = '[]', activeProfiles = '{}', propertySourceLocations = '{classpath:config-test.properties}', propertySourceProperties = '{}', contextCustomizers = set[org.springframework.boot.test.autoconfigure.actuate.metrics.MetricsExportContextCustomizerFactory$DisableMetricExportContextCustomizer@2f1de2d6, org.springframework.boot.test.autoconfigure.properties.PropertyMappingContextCustomizer@0, org.springframework.boot.test.autoconfigure.web.servlet.WebDriverContextCustomizerFactory$Customizer@38831718, [ImportsContextCustomizer@1b765a2c key = [@org.springframework.test.context.TestPropertySource(locations={}, value={"classpath:config-test.properties"}, inheritProperties=true, properties={}, inheritLocations=true), @org.springframework.context.annotation.Import({org.springframework.boot.context.properties.EnableConfigurationPropertiesRegistrar.class}), @org.springframework.boot.context.properties.EnableConfigurationProperties({com.example.currencyrate.config.ConfigProperties.class})]], org.springframework.boot.test.context.filter.ExcludeFilterContextCustomizer@28ec166e, org.springframework.boot.test.json.DuplicateJsonObjectContextCustomizerFactory$DuplicateJsonObjectContextCustomizer@5629510, org.springframework.boot.test.mock.mockito.MockitoContextCustomizer@0], contextLoader = 'org.springframework.test.context.support.DelegatingSmartContextLoader', parent = [null]]]
12:41:23.510 [Test worker] DEBUG org.springframework.test.context.cache - Spring test ApplicationContext cache statistics: [DefaultContextCache@1bdbf9be size = 1, maxSize = 32, parentContextCount = 0, hitCount = 17, missCount = 1]
12:41:23.512 [Test worker] DEBUG org.springframework.test.context.cache.DefaultCacheAwareContextLoaderDelegate - Retrieved ApplicationContext [15477956] from cache with key [[MergedContextConfiguration@7103cb56 testClass = ConfigPropertiesTest, locations = '{}', classes = '{}', contextInitializerClasses = '[]', activeProfiles = '{}', propertySourceLocations = '{classpath:config-test.properties}', propertySourceProperties = '{}', contextCustomizers = set[org.springframework.boot.test.autoconfigure.actuate.metrics.MetricsExportContextCustomizerFactory$DisableMetricExportContextCustomizer@2f1de2d6, org.springframework.boot.test.autoconfigure.properties.PropertyMappingContextCustomizer@0, org.springframework.boot.test.autoconfigure.web.servlet.WebDriverContextCustomizerFactory$Customizer@38831718, [ImportsContextCustomizer@1b765a2c key = [@org.springframework.test.context.TestPropertySource(locations={}, value={"classpath:config-test.properties"}, inheritProperties=true, properties={}, inheritLocations=true), @org.springframework.context.annotation.Import({org.springframework.boot.context.properties.EnableConfigurationPropertiesRegistrar.class}), @org.springframework.boot.context.properties.EnableConfigurationProperties({com.example.currencyrate.config.ConfigProperties.class})]], org.springframework.boot.test.context.filter.ExcludeFilterContextCustomizer@28ec166e, org.springframework.boot.test.json.DuplicateJsonObjectContextCustomizerFactory$DuplicateJsonObjectContextCustomizer@5629510, org.springframework.boot.test.mock.mockito.MockitoContextCustomizer@0], contextLoader = 'org.springframework.test.context.support.DelegatingSmartContextLoader', parent = [null]]]
12:41:23.513 [Test worker] DEBUG org.springframework.test.context.cache - Spring test ApplicationContext cache statistics: [DefaultContextCache@1bdbf9be size = 1, maxSize = 32, parentContextCount = 0, hitCount = 18, missCount = 1]
12:41:23.515 [Test worker] DEBUG org.springframework.test.context.cache.DefaultCacheAwareContextLoaderDelegate - Retrieved ApplicationContext [15477956] from cache with key [[MergedContextConfiguration@7103cb56 testClass = ConfigPropertiesTest, locations = '{}', classes = '{}', contextInitializerClasses = '[]', activeProfiles = '{}', propertySourceLocations = '{classpath:config-test.properties}', propertySourceProperties = '{}', contextCustomizers = set[org.springframework.boot.test.autoconfigure.actuate.metrics.MetricsExportContextCustomizerFactory$DisableMetricExportContextCustomizer@2f1de2d6, org.springframework.boot.test.autoconfigure.properties.PropertyMappingContextCustomizer@0, org.springframework.boot.test.autoconfigure.web.servlet.WebDriverContextCustomizerFactory$Customizer@38831718, [ImportsContextCustomizer@1b765a2c key = [@org.springframework.test.context.TestPropertySource(locations={}, value={"classpath:config-test.properties"}, inheritProperties=true, properties={}, inheritLocations=true), @org.springframework.context.annotation.Import({org.springframework.boot.context.properties.EnableConfigurationPropertiesRegistrar.class}), @org.springframework.boot.context.properties.EnableConfigurationProperties({com.example.currencyrate.config.ConfigProperties.class})]], org.springframework.boot.test.context.filter.ExcludeFilterContextCustomizer@28ec166e, org.springframework.boot.test.json.DuplicateJsonObjectContextCustomizerFactory$DuplicateJsonObjectContextCustomizer@5629510, org.springframework.boot.test.mock.mockito.MockitoContextCustomizer@0], contextLoader = 'org.springframework.test.context.support.DelegatingSmartContextLoader', parent = [null]]]
12:41:23.516 [Test worker] DEBUG org.springframework.test.context.cache - Spring test ApplicationContext cache statistics: [DefaultContextCache@1bdbf9be size = 1, maxSize = 32, parentContextCount = 0, hitCount = 19, missCount = 1]
12:41:23.517 [Test worker] DEBUG org.springframework.test.context.cache.DefaultCacheAwareContextLoaderDelegate - Retrieved ApplicationContext [15477956] from cache with key [[MergedContextConfiguration@7103cb56 testClass = ConfigPropertiesTest, locations = '{}', classes = '{}', contextInitializerClasses = '[]', activeProfiles = '{}', propertySourceLocations = '{classpath:config-test.properties}', propertySourceProperties = '{}', contextCustomizers = set[org.springframework.boot.test.autoconfigure.actuate.metrics.MetricsExportContextCustomizerFactory$DisableMetricExportContextCustomizer@2f1de2d6, org.springframework.boot.test.autoconfigure.properties.PropertyMappingContextCustomizer@0, org.springframework.boot.test.autoconfigure.web.servlet.WebDriverContextCustomizerFactory$Customizer@38831718, [ImportsContextCustomizer@1b765a2c key = [@org.springframework.test.context.TestPropertySource(locations={}, value={"classpath:config-test.properties"}, inheritProperties=true, properties={}, inheritLocations=true), @org.springframework.context.annotation.Import({org.springframework.boot.context.properties.EnableConfigurationPropertiesRegistrar.class}), @org.springframework.boot.context.properties.EnableConfigurationProperties({com.example.currencyrate.config.ConfigProperties.class})]], org.springframework.boot.test.context.filter.ExcludeFilterContextCustomizer@28ec166e, org.springframework.boot.test.json.DuplicateJsonObjectContextCustomizerFactory$DuplicateJsonObjectContextCustomizer@5629510, org.springframework.boot.test.mock.mockito.MockitoContextCustomizer@0], contextLoader = 'org.springframework.test.context.support.DelegatingSmartContextLoader', parent = [null]]]
12:41:23.517 [Test worker] DEBUG org.springframework.test.context.cache - Spring test ApplicationContext cache statistics: [DefaultContextCache@1bdbf9be size = 1, maxSize = 32, parentContextCount = 0, hitCount = 20, missCount = 1]
12:41:23.520 [Test worker] DEBUG org.springframework.test.context.cache.DefaultCacheAwareContextLoaderDelegate - Retrieved ApplicationContext [15477956] from cache with key [[MergedContextConfiguration@7103cb56 testClass = ConfigPropertiesTest, locations = '{}', classes = '{}', contextInitializerClasses = '[]', activeProfiles = '{}', propertySourceLocations = '{classpath:config-test.properties}', propertySourceProperties = '{}', contextCustomizers = set[org.springframework.boot.test.autoconfigure.actuate.metrics.MetricsExportContextCustomizerFactory$DisableMetricExportContextCustomizer@2f1de2d6, org.springframework.boot.test.autoconfigure.properties.PropertyMappingContextCustomizer@0, org.springframework.boot.test.autoconfigure.web.servlet.WebDriverContextCustomizerFactory$Customizer@38831718, [ImportsContextCustomizer@1b765a2c key = [@org.springframework.test.context.TestPropertySource(locations={}, value={"classpath:config-test.properties"}, inheritProperties=true, properties={}, inheritLocations=true), @org.springframework.context.annotation.Import({org.springframework.boot.context.properties.EnableConfigurationPropertiesRegistrar.class}), @org.springframework.boot.context.properties.EnableConfigurationProperties({com.example.currencyrate.config.ConfigProperties.class})]], org.springframework.boot.test.context.filter.ExcludeFilterContextCustomizer@28ec166e, org.springframework.boot.test.json.DuplicateJsonObjectContextCustomizerFactory$DuplicateJsonObjectContextCustomizer@5629510, org.springframework.boot.test.mock.mockito.MockitoContextCustomizer@0], contextLoader = 'org.springframework.test.context.support.DelegatingSmartContextLoader', parent = [null]]]
12:41:23.521 [Test worker] DEBUG org.springframework.test.context.cache - Spring test ApplicationContext cache statistics: [DefaultContextCache@1bdbf9be size = 1, maxSize = 32, parentContextCount = 0, hitCount = 21, missCount = 1]
12:41:23.522 [Test worker] DEBUG org.springframework.test.context.support.AbstractDirtiesContextTestExecutionListener - After test method: context [DefaultTestContext@178213b testClass = ConfigPropertiesTest, testInstance = com.example.currencyrate.ConfigPropertiesTest@3d5790ea, testMethod = configPropertiesAllFieldsAreSet@ConfigPropertiesTest, testException = [null], mergedContextConfiguration = [MergedContextConfiguration@7103cb56 testClass = ConfigPropertiesTest, locations = '{}', classes = '{}', contextInitializerClasses = '[]', activeProfiles = '{}', propertySourceLocations = '{classpath:config-test.properties}', propertySourceProperties = '{}', contextCustomizers = set[org.springframework.boot.test.autoconfigure.actuate.metrics.MetricsExportContextCustomizerFactory$DisableMetricExportContextCustomizer@2f1de2d6, org.springframework.boot.test.autoconfigure.properties.PropertyMappingContextCustomizer@0, org.springframework.boot.test.autoconfigure.web.servlet.WebDriverContextCustomizerFactory$Customizer@38831718, [ImportsContextCustomizer@1b765a2c key = [@org.springframework.test.context.TestPropertySource(locations={}, value={"classpath:config-test.properties"}, inheritProperties=true, properties={}, inheritLocations=true), @org.springframework.context.annotation.Import({org.springframework.boot.context.properties.EnableConfigurationPropertiesRegistrar.class}), @org.springframework.boot.context.properties.EnableConfigurationProperties({com.example.currencyrate.config.ConfigProperties.class})]], org.springframework.boot.test.context.filter.ExcludeFilterContextCustomizer@28ec166e, org.springframework.boot.test.json.DuplicateJsonObjectContextCustomizerFactory$DuplicateJsonObjectContextCustomizer@5629510, org.springframework.boot.test.mock.mockito.MockitoContextCustomizer@0], contextLoader = 'org.springframework.test.context.support.DelegatingSmartContextLoader', parent = [null]], attributes = map['org.springframework.test.context.event.ApplicationEventsTestExecutionListener.recordApplicationEvents' -> false]], class annotated with @DirtiesContext [false] with mode [null], method annotated with @DirtiesContext [false] with mode [null].
12:41:23.524 [Test worker] DEBUG org.springframework.test.context.support.DependencyInjectionTestExecutionListener - Performing dependency injection for test context [[DefaultTestContext@178213b testClass = ConfigPropertiesTest, testInstance = com.example.currencyrate.ConfigPropertiesTest@5c534b5b, testMethod = [null], testException = [null], mergedContextConfiguration = [MergedContextConfiguration@7103cb56 testClass = ConfigPropertiesTest, locations = '{}', classes = '{}', contextInitializerClasses = '[]', activeProfiles = '{}', propertySourceLocations = '{classpath:config-test.properties}', propertySourceProperties = '{}', contextCustomizers = set[org.springframework.boot.test.autoconfigure.actuate.metrics.MetricsExportContextCustomizerFactory$DisableMetricExportContextCustomizer@2f1de2d6, org.springframework.boot.test.autoconfigure.properties.PropertyMappingContextCustomizer@0, org.springframework.boot.test.autoconfigure.web.servlet.WebDriverContextCustomizerFactory$Customizer@38831718, [ImportsContextCustomizer@1b765a2c key = [@org.springframework.test.context.TestPropertySource(locations={}, value={"classpath:config-test.properties"}, inheritProperties=true, properties={}, inheritLocations=true), @org.springframework.context.annotation.Import({org.springframework.boot.context.properties.EnableConfigurationPropertiesRegistrar.class}), @org.springframework.boot.context.properties.EnableConfigurationProperties({com.example.currencyrate.config.ConfigProperties.class})]], org.springframework.boot.test.context.filter.ExcludeFilterContextCustomizer@28ec166e, org.springframework.boot.test.json.DuplicateJsonObjectContextCustomizerFactory$DuplicateJsonObjectContextCustomizer@5629510, org.springframework.boot.test.mock.mockito.MockitoContextCustomizer@0], contextLoader = 'org.springframework.test.context.support.DelegatingSmartContextLoader', parent = [null]], attributes = map['org.springframework.test.context.event.ApplicationEventsTestExecutionListener.recordApplicationEvents' -> false]]].
12:41:23.524 [Test worker] DEBUG org.springframework.test.context.cache.DefaultCacheAwareContextLoaderDelegate - Retrieved ApplicationContext [15477956] from cache with key [[MergedContextConfiguration@7103cb56 testClass = ConfigPropertiesTest, locations = '{}', classes = '{}', contextInitializerClasses = '[]', activeProfiles = '{}', propertySourceLocations = '{classpath:config-test.properties}', propertySourceProperties = '{}', contextCustomizers = set[org.springframework.boot.test.autoconfigure.actuate.metrics.MetricsExportContextCustomizerFactory$DisableMetricExportContextCustomizer@2f1de2d6, org.springframework.boot.test.autoconfigure.properties.PropertyMappingContextCustomizer@0, org.springframework.boot.test.autoconfigure.web.servlet.WebDriverContextCustomizerFactory$Customizer@38831718, [ImportsContextCustomizer@1b765a2c key = [@org.springframework.test.context.TestPropertySource(locations={}, value={"classpath:config-test.properties"}, inheritProperties=true, properties={}, inheritLocations=true), @org.springframework.context.annotation.Import({org.springframework.boot.context.properties.EnableConfigurationPropertiesRegistrar.class}), @org.springframework.boot.context.properties.EnableConfigurationProperties({com.example.currencyrate.config.ConfigProperties.class})]], org.springframework.boot.test.context.filter.ExcludeFilterContextCustomizer@28ec166e, org.springframework.boot.test.json.DuplicateJsonObjectContextCustomizerFactory$DuplicateJsonObjectContextCustomizer@5629510, org.springframework.boot.test.mock.mockito.MockitoContextCustomizer@0], contextLoader = 'org.springframework.test.context.support.DelegatingSmartContextLoader', parent = [null]]]
12:41:23.525 [Test worker] DEBUG org.springframework.test.context.cache - Spring test ApplicationContext cache statistics: [DefaultContextCache@1bdbf9be size = 1, maxSize = 32, parentContextCount = 0, hitCount = 22, missCount = 1]
12:41:23.526 [Test worker] DEBUG org.springframework.test.context.cache.DefaultCacheAwareContextLoaderDelegate - Retrieved ApplicationContext [15477956] from cache with key [[MergedContextConfiguration@7103cb56 testClass = ConfigPropertiesTest, locations = '{}', classes = '{}', contextInitializerClasses = '[]', activeProfiles = '{}', propertySourceLocations = '{classpath:config-test.properties}', propertySourceProperties = '{}', contextCustomizers = set[org.springframework.boot.test.autoconfigure.actuate.metrics.MetricsExportContextCustomizerFactory$DisableMetricExportContextCustomizer@2f1de2d6, org.springframework.boot.test.autoconfigure.properties.PropertyMappingContextCustomizer@0, org.springframework.boot.test.autoconfigure.web.servlet.WebDriverContextCustomizerFactory$Customizer@38831718, [ImportsContextCustomizer@1b765a2c key = [@org.springframework.test.context.TestPropertySource(locations={}, value={"classpath:config-test.properties"}, inheritProperties=true, properties={}, inheritLocations=true), @org.springframework.context.annotation.Import({org.springframework.boot.context.properties.EnableConfigurationPropertiesRegistrar.class}), @org.springframework.boot.context.properties.EnableConfigurationProperties({com.example.currencyrate.config.ConfigProperties.class})]], org.springframework.boot.test.context.filter.ExcludeFilterContextCustomizer@28ec166e, org.springframework.boot.test.json.DuplicateJsonObjectContextCustomizerFactory$DuplicateJsonObjectContextCustomizer@5629510, org.springframework.boot.test.mock.mockito.MockitoContextCustomizer@0], contextLoader = 'org.springframework.test.context.support.DelegatingSmartContextLoader', parent = [null]]]
12:41:23.526 [Test worker] DEBUG org.springframework.test.context.cache - Spring test ApplicationContext cache statistics: [DefaultContextCache@1bdbf9be size = 1, maxSize = 32, parentContextCount = 0, hitCount = 23, missCount = 1]
[...]
12:41:24.012 [Test worker] DEBUG org.springframework.test.context.cache - Spring test ApplicationContext cache statistics: [DefaultContextCache@1bdbf9be size = 1, maxSize = 32, parentContextCount = 0, hitCount = 179, missCount = 1]
12:41:24.013 [Test worker] DEBUG org.springframework.test.context.cache.DefaultCacheAwareContextLoaderDelegate - Retrieved ApplicationContext [15477956] from cache with key [[MergedContextConfiguration@7103cb56 testClass = ConfigPropertiesTest, locations = '{}', classes = '{}', contextInitializerClasses = '[]', activeProfiles = '{}', propertySourceLocations = '{classpath:config-test.properties}', propertySourceProperties = '{}', contextCustomizers = set[org.springframework.boot.test.autoconfigure.actuate.metrics.MetricsExportContextCustomizerFactory$DisableMetricExportContextCustomizer@2f1de2d6, org.springframework.boot.test.autoconfigure.properties.PropertyMappingContextCustomizer@0, org.springframework.boot.test.autoconfigure.web.servlet.WebDriverContextCustomizerFactory$Customizer@38831718, [ImportsContextCustomizer@1b765a2c key = [@org.springframework.test.context.TestPropertySource(locations={}, value={"classpath:config-test.properties"}, inheritProperties=true, properties={}, inheritLocations=true), @org.springframework.context.annotation.Import({org.springframework.boot.context.properties.EnableConfigurationPropertiesRegistrar.class}), @org.springframework.boot.context.properties.EnableConfigurationProperties({com.example.currencyrate.config.ConfigProperties.class})]], org.springframework.boot.test.context.filter.ExcludeFilterContextCustomizer@28ec166e, org.springframework.boot.test.json.DuplicateJsonObjectContextCustomizerFactory$DuplicateJsonObjectContextCustomizer@5629510, org.springframework.boot.test.mock.mockito.MockitoContextCustomizer@0], contextLoader = 'org.springframework.test.context.support.DelegatingSmartContextLoader', parent = [null]]]
12:41:24.013 [Test worker] DEBUG org.springframework.test.context.cache - Spring test ApplicationContext cache statistics: [DefaultContextCache@1bdbf9be size = 1, maxSize = 32, parentContextCount = 0, hitCount = 180, missCount = 1]
12:41:24.015 [Test worker] DEBUG org.springframework.test.context.cache.DefaultCacheAwareContextLoaderDelegate - Retrieved ApplicationContext [15477956] from cache with key [[MergedContextConfiguration@7103cb56 testClass = ConfigPropertiesTest, locations = '{}', classes = '{}', contextInitializerClasses = '[]', activeProfiles = '{}', propertySourceLocations = '{classpath:config-test.properties}', propertySourceProperties = '{}', contextCustomizers = set[org.springframework.boot.test.autoconfigure.actuate.metrics.MetricsExportContextCustomizerFactory$DisableMetricExportContextCustomizer@2f1de2d6, org.springframework.boot.test.autoconfigure.properties.PropertyMappingContextCustomizer@0, org.springframework.boot.test.autoconfigure.web.servlet.WebDriverContextCustomizerFactory$Customizer@38831718, [ImportsContextCustomizer@1b765a2c key = [@org.springframework.test.context.TestPropertySource(locations={}, value={"classpath:config-test.properties"}, inheritProperties=true, properties={}, inheritLocations=true), @org.springframework.context.annotation.Import({org.springframework.boot.context.properties.EnableConfigurationPropertiesRegistrar.class}), @org.springframework.boot.context.properties.EnableConfigurationProperties({com.example.currencyrate.config.ConfigProperties.class})]], org.springframework.boot.test.context.filter.ExcludeFilterContextCustomizer@28ec166e, org.springframework.boot.test.json.DuplicateJsonObjectContextCustomizerFactory$DuplicateJsonObjectContextCustomizer@5629510, org.springframework.boot.test.mock.mockito.MockitoContextCustomizer@0], contextLoader = 'org.springframework.test.context.support.DelegatingSmartContextLoader', parent = [null]]]
12:41:24.015 [Test worker] DEBUG org.springframework.test.context.cache - Spring test ApplicationContext cache statistics: [DefaultContextCache@1bdbf9be size = 1, maxSize = 32, parentContextCount = 0, hitCount = 181, missCount = 1]
12:41:24.016 [Test worker] DEBUG org.springframework.test.context.cache.DefaultCacheAwareContextLoaderDelegate - Retrieved ApplicationContext [15477956] from cache with key [[MergedContextConfiguration@7103cb56 testClass = ConfigPropertiesTest, locations = '{}', classes = '{}', contextInitializerClasses = '[]', activeProfiles = '{}', propertySourceLocations = '{classpath:config-test.properties}', propertySourceProperties = '{}', contextCustomizers = set[org.springframework.boot.test.autoconfigure.actuate.metrics.MetricsExportContextCustomizerFactory$DisableMetricExportContextCustomizer@2f1de2d6, org.springframework.boot.test.autoconfigure.properties.PropertyMappingContextCustomizer@0, org.springframework.boot.test.autoconfigure.web.servlet.WebDriverContextCustomizerFactory$Customizer@38831718, [ImportsContextCustomizer@1b765a2c key = [@org.springframework.test.context.TestPropertySource(locations={}, value={"classpath:config-test.properties"}, inheritProperties=true, properties={}, inheritLocations=true), @org.springframework.context.annotation.Import({org.springframework.boot.context.properties.EnableConfigurationPropertiesRegistrar.class}), @org.springframework.boot.context.properties.EnableConfigurationProperties({com.example.currencyrate.config.ConfigProperties.class})]], org.springframework.boot.test.context.filter.ExcludeFilterContextCustomizer@28ec166e, org.springframework.boot.test.json.DuplicateJsonObjectContextCustomizerFactory$DuplicateJsonObjectContextCustomizer@5629510, org.springframework.boot.test.mock.mockito.MockitoContextCustomizer@0], contextLoader = 'org.springframework.test.context.support.DelegatingSmartContextLoader', parent = [null]]]
12:41:24.017 [Test worker] DEBUG org.springframework.test.context.cache - Spring test ApplicationContext cache statistics: [DefaultContextCache@1bdbf9be size = 1, maxSize = 32, parentContextCount = 0, hitCount = 182, missCount = 1]
12:41:24.018 [Test worker] DEBUG org.springframework.test.context.cache.DefaultCacheAwareContextLoaderDelegate - Retrieved ApplicationContext [15477956] from cache with key [[MergedContextConfiguration@7103cb56 testClass = ConfigPropertiesTest, locations = '{}', classes = '{}', contextInitializerClasses = '[]', activeProfiles = '{}', propertySourceLocations = '{classpath:config-test.properties}', propertySourceProperties = '{}', contextCustomizers = set[org.springframework.boot.test.autoconfigure.actuate.metrics.MetricsExportContextCustomizerFactory$DisableMetricExportContextCustomizer@2f1de2d6, org.springframework.boot.test.autoconfigure.properties.PropertyMappingContextCustomizer@0, org.springframework.boot.test.autoconfigure.web.servlet.WebDriverContextCustomizerFactory$Customizer@38831718, [ImportsContextCustomizer@1b765a2c key = [@org.springframework.test.context.TestPropertySource(locations={}, value={"classpath:config-test.properties"}, inheritProperties=true, properties={}, inheritLocations=true), @org.springframework.context.annotation.Import({org.springframework.boot.context.properties.EnableConfigurationPropertiesRegistrar.class}), @org.springframework.boot.context.properties.EnableConfigurationProperties({com.example.currencyrate.config.ConfigProperties.class})]], org.springframework.boot.test.context.filter.ExcludeFilterContextCustomizer@28ec166e, org.springframework.boot.test.json.DuplicateJsonObjectContextCustomizerFactory$DuplicateJsonObjectContextCustomizer@5629510, org.springframework.boot.test.mock.mockito.MockitoContextCustomizer@0], contextLoader = 'org.springframework.test.context.support.DelegatingSmartContextLoader', parent = [null]]]
12:41:24.019 [Test worker] DEBUG org.springframework.test.context.cache - Spring test ApplicationContext cache statistics: [DefaultContextCache@1bdbf9be size = 1, maxSize = 32, parentContextCount = 0, hitCount = 183, missCount = 1]
12:41:24.020 [Test worker] DEBUG org.springframework.test.context.cache.DefaultCacheAwareContextLoaderDelegate - Retrieved ApplicationContext [15477956] from cache with key [[MergedContextConfiguration@7103cb56 testClass = ConfigPropertiesTest, locations = '{}', classes = '{}', contextInitializerClasses = '[]', activeProfiles = '{}', propertySourceLocations = '{classpath:config-test.properties}', propertySourceProperties = '{}', contextCustomizers = set[org.springframework.boot.test.autoconfigure.actuate.metrics.MetricsExportContextCustomizerFactory$DisableMetricExportContextCustomizer@2f1de2d6, org.springframework.boot.test.autoconfigure.properties.PropertyMappingContextCustomizer@0, org.springframework.boot.test.autoconfigure.web.servlet.WebDriverContextCustomizerFactory$Customizer@38831718, [ImportsContextCustomizer@1b765a2c key = [@org.springframework.test.context.TestPropertySource(locations={}, value={"classpath:config-test.properties"}, inheritProperties=true, properties={}, inheritLocations=true), @org.springframework.context.annotation.Import({org.springframework.boot.context.properties.EnableConfigurationPropertiesRegistrar.class}), @org.springframework.boot.context.properties.EnableConfigurationProperties({com.example.currencyrate.config.ConfigProperties.class})]], org.springframework.boot.test.context.filter.ExcludeFilterContextCustomizer@28ec166e, org.springframework.boot.test.json.DuplicateJsonObjectContextCustomizerFactory$DuplicateJsonObjectContextCustomizer@5629510, org.springframework.boot.test.mock.mockito.MockitoContextCustomizer@0], contextLoader = 'org.springframework.test.context.support.DelegatingSmartContextLoader', parent = [null]]]
12:41:24.020 [Test worker] DEBUG org.springframework.test.context.cache - Spring test ApplicationContext cache statistics: [DefaultContextCache@1bdbf9be size = 1, maxSize = 32, parentContextCount = 0, hitCount = 184, missCount = 1]
12:41:24.021 [Test worker] DEBUG org.springframework.test.context.cache.DefaultCacheAwareContextLoaderDelegate - Retrieved ApplicationContext [15477956] from cache with key [[MergedContextConfiguration@7103cb56 testClass = ConfigPropertiesTest, locations = '{}', classes = '{}', contextInitializerClasses = '[]', activeProfiles = '{}', propertySourceLocations = '{classpath:config-test.properties}', propertySourceProperties = '{}', contextCustomizers = set[org.springframework.boot.test.autoconfigure.actuate.metrics.MetricsExportContextCustomizerFactory$DisableMetricExportContextCustomizer@2f1de2d6, org.springframework.boot.test.autoconfigure.properties.PropertyMappingContextCustomizer@0, org.springframework.boot.test.autoconfigure.web.servlet.WebDriverContextCustomizerFactory$Customizer@38831718, [ImportsContextCustomizer@1b765a2c key = [@org.springframework.test.context.TestPropertySource(locations={}, value={"classpath:config-test.properties"}, inheritProperties=true, properties={}, inheritLocations=true), @org.springframework.context.annotation.Import({org.springframework.boot.context.properties.EnableConfigurationPropertiesRegistrar.class}), @org.springframework.boot.context.properties.EnableConfigurationProperties({com.example.currencyrate.config.ConfigProperties.class})]], org.springframework.boot.test.context.filter.ExcludeFilterContextCustomizer@28ec166e, org.springframework.boot.test.json.DuplicateJsonObjectContextCustomizerFactory$DuplicateJsonObjectContextCustomizer@5629510, org.springframework.boot.test.mock.mockito.MockitoContextCustomizer@0], contextLoader = 'org.springframework.test.context.support.DelegatingSmartContextLoader', parent = [null]]]
12:41:24.021 [Test worker] DEBUG org.springframework.test.context.cache - Spring test ApplicationContext cache statistics: [DefaultContextCache@1bdbf9be size = 1, maxSize = 32, parentContextCount = 0, hitCount = 185, missCount = 1]
12:41:24.023 [Test worker] DEBUG org.springframework.test.context.cache.DefaultCacheAwareContextLoaderDelegate - Retrieved ApplicationContext [15477956] from cache with key [[MergedContextConfiguration@7103cb56 testClass = ConfigPropertiesTest, locations = '{}', classes = '{}', contextInitializerClasses = '[]', activeProfiles = '{}', propertySourceLocations = '{classpath:config-test.properties}', propertySourceProperties = '{}', contextCustomizers = set[org.springframework.boot.test.autoconfigure.actuate.metrics.MetricsExportContextCustomizerFactory$DisableMetricExportContextCustomizer@2f1de2d6, org.springframework.boot.test.autoconfigure.properties.PropertyMappingContextCustomizer@0, org.springframework.boot.test.autoconfigure.web.servlet.WebDriverContextCustomizerFactory$Customizer@38831718, [ImportsContextCustomizer@1b765a2c key = [@org.springframework.test.context.TestPropertySource(locations={}, value={"classpath:config-test.properties"}, inheritProperties=true, properties={}, inheritLocations=true), @org.springframework.context.annotation.Import({org.springframework.boot.context.properties.EnableConfigurationPropertiesRegistrar.class}), @org.springframework.boot.context.properties.EnableConfigurationProperties({com.example.currencyrate.config.ConfigProperties.class})]], org.springframework.boot.test.context.filter.ExcludeFilterContextCustomizer@28ec166e, org.springframework.boot.test.json.DuplicateJsonObjectContextCustomizerFactory$DuplicateJsonObjectContextCustomizer@5629510, org.springframework.boot.test.mock.mockito.MockitoContextCustomizer@0], contextLoader = 'org.springframework.test.context.support.DelegatingSmartContextLoader', parent = [null]]]
12:41:24.023 [Test worker] DEBUG org.springframework.test.context.cache - Spring test ApplicationContext cache statistics: [DefaultContextCache@1bdbf9be size = 1, maxSize = 32, parentContextCount = 0, hitCount = 186, missCount = 1]
12:41:24.023 [Test worker] DEBUG org.springframework.test.context.support.AbstractDirtiesContextTestExecutionListener - After test method: context [DefaultTestContext@178213b testClass = ConfigPropertiesTest, testInstance = com.example.currencyrate.ConfigPropertiesTest@6c6366cf, testMethod = configPropertiesSetApiKeyNull@ConfigPropertiesTest, testException = [null], mergedContextConfiguration = [MergedContextConfiguration@7103cb56 testClass = ConfigPropertiesTest, locations = '{}', classes = '{}', contextInitializerClasses = '[]', activeProfiles = '{}', propertySourceLocations = '{classpath:config-test.properties}', propertySourceProperties = '{}', contextCustomizers = set[org.springframework.boot.test.autoconfigure.actuate.metrics.MetricsExportContextCustomizerFactory$DisableMetricExportContextCustomizer@2f1de2d6, org.springframework.boot.test.autoconfigure.properties.PropertyMappingContextCustomizer@0, org.springframework.boot.test.autoconfigure.web.servlet.WebDriverContextCustomizerFactory$Customizer@38831718, [ImportsContextCustomizer@1b765a2c key = [@org.springframework.test.context.TestPropertySource(locations={}, value={"classpath:config-test.properties"}, inheritProperties=true, properties={}, inheritLocations=true), @org.springframework.context.annotation.Import({org.springframework.boot.context.properties.EnableConfigurationPropertiesRegistrar.class}), @org.springframework.boot.context.properties.EnableConfigurationProperties({com.example.currencyrate.config.ConfigProperties.class})]], org.springframework.boot.test.context.filter.ExcludeFilterContextCustomizer@28ec166e, org.springframework.boot.test.json.DuplicateJsonObjectContextCustomizerFactory$DuplicateJsonObjectContextCustomizer@5629510, org.springframework.boot.test.mock.mockito.MockitoContextCustomizer@0], contextLoader = 'org.springframework.test.context.support.DelegatingSmartContextLoader', parent = [null]], attributes = map['org.springframework.test.context.event.ApplicationEventsTestExecutionListener.recordApplicationEvents' -> false]], class annotated with @DirtiesContext [false] with mode [null], method annotated with @DirtiesContext [false] with mode [null].
12:41:24.030 [Test worker] DEBUG org.springframework.test.context.cache.DefaultCacheAwareContextLoaderDelegate - Retrieved ApplicationContext [15477956] from cache with key [[MergedContextConfiguration@7103cb56 testClass = ConfigPropertiesTest, locations = '{}', classes = '{}', contextInitializerClasses = '[]', activeProfiles = '{}', propertySourceLocations = '{classpath:config-test.properties}', propertySourceProperties = '{}', contextCustomizers = set[org.springframework.boot.test.autoconfigure.actuate.metrics.MetricsExportContextCustomizerFactory$DisableMetricExportContextCustomizer@2f1de2d6, org.springframework.boot.test.autoconfigure.properties.PropertyMappingContextCustomizer@0, org.springframework.boot.test.autoconfigure.web.servlet.WebDriverContextCustomizerFactory$Customizer@38831718, [ImportsContextCustomizer@1b765a2c key = [@org.springframework.test.context.TestPropertySource(locations={}, value={"classpath:config-test.properties"}, inheritProperties=true, properties={}, inheritLocations=true), @org.springframework.context.annotation.Import({org.springframework.boot.context.properties.EnableConfigurationPropertiesRegistrar.class}), @org.springframework.boot.context.properties.EnableConfigurationProperties({com.example.currencyrate.config.ConfigProperties.class})]], org.springframework.boot.test.context.filter.ExcludeFilterContextCustomizer@28ec166e, org.springframework.boot.test.json.DuplicateJsonObjectContextCustomizerFactory$DuplicateJsonObjectContextCustomizer@5629510, org.springframework.boot.test.mock.mockito.MockitoContextCustomizer@0], contextLoader = 'org.springframework.test.context.support.DelegatingSmartContextLoader', parent = [null]]]
12:41:24.031 [Test worker] DEBUG org.springframework.test.context.cache - Spring test ApplicationContext cache statistics: [DefaultContextCache@1bdbf9be size = 1, maxSize = 32, parentContextCount = 0, hitCount = 187, missCount = 1]
12:41:24.034 [Test worker] DEBUG org.springframework.test.context.support.AbstractDirtiesContextTestExecutionListener - After test class: context [DefaultTestContext@178213b testClass = ConfigPropertiesTest, testInstance = [null], testMethod = [null], testException = [null], mergedContextConfiguration = [MergedContextConfiguration@7103cb56 testClass = ConfigPropertiesTest, locations = '{}', classes = '{}', contextInitializerClasses = '[]', activeProfiles = '{}', propertySourceLocations = '{classpath:config-test.properties}', propertySourceProperties = '{}', contextCustomizers = set[org.springframework.boot.test.autoconfigure.actuate.metrics.MetricsExportContextCustomizerFactory$DisableMetricExportContextCustomizer@2f1de2d6, org.springframework.boot.test.autoconfigure.properties.PropertyMappingContextCustomizer@0, org.springframework.boot.test.autoconfigure.web.servlet.WebDriverContextCustomizerFactory$Customizer@38831718, [ImportsContextCustomizer@1b765a2c key = [@org.springframework.test.context.TestPropertySource(locations={}, value={"classpath:config-test.properties"}, inheritProperties=true, properties={}, inheritLocations=true), @org.springframework.context.annotation.Import({org.springframework.boot.context.properties.EnableConfigurationPropertiesRegistrar.class}), @org.springframework.boot.context.properties.EnableConfigurationProperties({com.example.currencyrate.config.ConfigProperties.class})]], org.springframework.boot.test.context.filter.ExcludeFilterContextCustomizer@28ec166e, org.springframework.boot.test.json.DuplicateJsonObjectContextCustomizerFactory$DuplicateJsonObjectContextCustomizer@5629510, org.springframework.boot.test.mock.mockito.MockitoContextCustomizer@0], contextLoader = 'org.springframework.test.context.support.DelegatingSmartContextLoader', parent = [null]], attributes = map['org.springframework.test.context.event.ApplicationEventsTestExecutionListener.recordApplicationEvents' -> false]], class annotated with @DirtiesContext [false] with mode [null].
]]></system-out>
  <system-err><![CDATA[]]></system-err>
</testsuite>
